{
  "stats": {
    "suites": 1,
    "tests": 50,
    "passes": 50,
    "pending": 0,
    "failures": 0,
    "start": "2026-03-22T12:16:30.790Z",
    "end": "2026-03-22T12:27:53.806Z",
    "duration": 683016,
    "testsRegistered": 50,
    "passPercent": 100,
    "pendingPercent": 0,
    "other": 0,
    "hasOther": false,
    "skipped": 0,
    "hasSkipped": false
  },
  "results": [
    {
      "uuid": "b7acc060-3e85-4fb1-962e-58466ff05286",
      "title": "",
      "fullFile": "cypress\\e2e\\checkout.cy.js",
      "file": "cypress\\e2e\\checkout.cy.js",
      "beforeHooks": [],
      "afterHooks": [],
      "tests": [],
      "suites": [
        {
          "uuid": "05e8b9ba-edbc-494b-857e-1ed0547e48a6",
          "title": "Checkout Test",
          "fullFile": "",
          "file": "",
          "beforeHooks": [],
          "afterHooks": [],
          "tests": [
            {
              "title": "Expired card",
              "fullTitle": "Checkout Test Expired card",
              "timedOut": null,
              "duration": 13715,
              "state": "passed",
              "speed": "slow",
              "pass": true,
              "fail": false,
              "pending": false,
              "context": null,
              "code": "cy.contains('Proceed To Checkout').click();\ncy.fillForm('Happy', 'Turku, Finland', 'Happy User', '4242424242424242', '06', '2024', '232');\ncy.get('[data-testid=\"purchase\"]').click();\ncy.get('#charge-error').should('contain', \"Your card's expiration year is invalid\");",
              "err": {},
              "uuid": "2f7cacff-18bd-4091-aee3-fc07ca3baeb2",
              "parentUUID": "05e8b9ba-edbc-494b-857e-1ed0547e48a6",
              "isHook": false,
              "skipped": false
            },
            {
              "title": "Invalid card number",
              "fullTitle": "Checkout Test Invalid card number",
              "timedOut": null,
              "duration": 13320,
              "state": "passed",
              "speed": "slow",
              "pass": true,
              "fail": false,
              "pending": false,
              "context": null,
              "code": "cy.contains('Proceed To Checkout').click();\ncy.fillForm('Happy', 'Turku, Finland', 'Happy User', '4242424242424213', '06', '2028', '232');\ncy.get('[data-testid=\"purchase\"]').click();\ncy.get('#charge-error').should('contain', 'Your card number is incorrect');",
              "err": {},
              "uuid": "31ff2ee5-11e6-4282-a929-d7a06f4929bb",
              "parentUUID": "05e8b9ba-edbc-494b-857e-1ed0547e48a6",
              "isHook": false,
              "skipped": false
            },
            {
              "title": "Expired card",
              "fullTitle": "Checkout Test Expired card",
              "timedOut": null,
              "duration": 13247,
              "state": "passed",
              "speed": "slow",
              "pass": true,
              "fail": false,
              "pending": false,
              "context": null,
              "code": "cy.contains('Proceed To Checkout').click();\ncy.fillForm('Happy', 'Turku, Finland', 'Happy User', '4242424242424242', '06', '2024', '232');\ncy.get('[data-testid=\"purchase\"]').click();\ncy.get('#charge-error').should('contain', \"Your card's expiration year is invalid\");",
              "err": {},
              "uuid": "d0f9e24c-8ab3-44b0-94d9-d7114b8865b3",
              "parentUUID": "05e8b9ba-edbc-494b-857e-1ed0547e48a6",
              "isHook": false,
              "skipped": false
            },
            {
              "title": "Invalid card number",
              "fullTitle": "Checkout Test Invalid card number",
              "timedOut": null,
              "duration": 13791,
              "state": "passed",
              "speed": "slow",
              "pass": true,
              "fail": false,
              "pending": false,
              "context": null,
              "code": "cy.contains('Proceed To Checkout').click();\ncy.fillForm('Happy', 'Turku, Finland', 'Happy User', '4242424242424213', '06', '2028', '232');\ncy.get('[data-testid=\"purchase\"]').click();\ncy.get('#charge-error').should('contain', 'Your card number is incorrect');",
              "err": {},
              "uuid": "62e493aa-13e5-493d-97db-7c742b2ed185",
              "parentUUID": "05e8b9ba-edbc-494b-857e-1ed0547e48a6",
              "isHook": false,
              "skipped": false
            },
            {
              "title": "Expired card",
              "fullTitle": "Checkout Test Expired card",
              "timedOut": null,
              "duration": 13287,
              "state": "passed",
              "speed": "slow",
              "pass": true,
              "fail": false,
              "pending": false,
              "context": null,
              "code": "cy.contains('Proceed To Checkout').click();\ncy.fillForm('Happy', 'Turku, Finland', 'Happy User', '4242424242424242', '06', '2024', '232');\ncy.get('[data-testid=\"purchase\"]').click();\ncy.get('#charge-error').should('contain', \"Your card's expiration year is invalid\");",
              "err": {},
              "uuid": "00f58af3-5bd0-4c27-adbf-5917f2a8edf9",
              "parentUUID": "05e8b9ba-edbc-494b-857e-1ed0547e48a6",
              "isHook": false,
              "skipped": false
            },
            {
              "title": "Invalid card number",
              "fullTitle": "Checkout Test Invalid card number",
              "timedOut": null,
              "duration": 14397,
              "state": "passed",
              "speed": "slow",
              "pass": true,
              "fail": false,
              "pending": false,
              "context": null,
              "code": "cy.contains('Proceed To Checkout').click();\ncy.fillForm('Happy', 'Turku, Finland', 'Happy User', '4242424242424213', '06', '2028', '232');\ncy.get('[data-testid=\"purchase\"]').click();\ncy.get('#charge-error').should('contain', 'Your card number is incorrect');",
              "err": {},
              "uuid": "e6aa3f8e-2b22-4d43-b644-955af2cd3eac",
              "parentUUID": "05e8b9ba-edbc-494b-857e-1ed0547e48a6",
              "isHook": false,
              "skipped": false
            },
            {
              "title": "Expired card",
              "fullTitle": "Checkout Test Expired card",
              "timedOut": null,
              "duration": 13000,
              "state": "passed",
              "speed": "slow",
              "pass": true,
              "fail": false,
              "pending": false,
              "context": null,
              "code": "cy.contains('Proceed To Checkout').click();\ncy.fillForm('Happy', 'Turku, Finland', 'Happy User', '4242424242424242', '06', '2024', '232');\ncy.get('[data-testid=\"purchase\"]').click();\ncy.get('#charge-error').should('contain', \"Your card's expiration year is invalid\");",
              "err": {},
              "uuid": "b5b3d128-9f54-42bc-ba35-fbb85ad6bc54",
              "parentUUID": "05e8b9ba-edbc-494b-857e-1ed0547e48a6",
              "isHook": false,
              "skipped": false
            },
            {
              "title": "Invalid card number",
              "fullTitle": "Checkout Test Invalid card number",
              "timedOut": null,
              "duration": 13505,
              "state": "passed",
              "speed": "slow",
              "pass": true,
              "fail": false,
              "pending": false,
              "context": null,
              "code": "cy.contains('Proceed To Checkout').click();\ncy.fillForm('Happy', 'Turku, Finland', 'Happy User', '4242424242424213', '06', '2028', '232');\ncy.get('[data-testid=\"purchase\"]').click();\ncy.get('#charge-error').should('contain', 'Your card number is incorrect');",
              "err": {},
              "uuid": "b6676995-49b4-4280-8628-beee292ec3c6",
              "parentUUID": "05e8b9ba-edbc-494b-857e-1ed0547e48a6",
              "isHook": false,
              "skipped": false
            },
            {
              "title": "Expired card",
              "fullTitle": "Checkout Test Expired card",
              "timedOut": null,
              "duration": 12735,
              "state": "passed",
              "speed": "slow",
              "pass": true,
              "fail": false,
              "pending": false,
              "context": null,
              "code": "cy.contains('Proceed To Checkout').click();\ncy.fillForm('Happy', 'Turku, Finland', 'Happy User', '4242424242424242', '06', '2024', '232');\ncy.get('[data-testid=\"purchase\"]').click();\ncy.get('#charge-error').should('contain', \"Your card's expiration year is invalid\");",
              "err": {},
              "uuid": "57461452-6706-4d4b-899b-13aa2785da18",
              "parentUUID": "05e8b9ba-edbc-494b-857e-1ed0547e48a6",
              "isHook": false,
              "skipped": false
            },
            {
              "title": "Invalid card number",
              "fullTitle": "Checkout Test Invalid card number",
              "timedOut": null,
              "duration": 12656,
              "state": "passed",
              "speed": "slow",
              "pass": true,
              "fail": false,
              "pending": false,
              "context": null,
              "code": "cy.contains('Proceed To Checkout').click();\ncy.fillForm('Happy', 'Turku, Finland', 'Happy User', '4242424242424213', '06', '2028', '232');\ncy.get('[data-testid=\"purchase\"]').click();\ncy.get('#charge-error').should('contain', 'Your card number is incorrect');",
              "err": {},
              "uuid": "47e1bb64-29fd-4877-97cd-b04cdea9276a",
              "parentUUID": "05e8b9ba-edbc-494b-857e-1ed0547e48a6",
              "isHook": false,
              "skipped": false
            },
            {
              "title": "Expired card",
              "fullTitle": "Checkout Test Expired card",
              "timedOut": null,
              "duration": 12724,
              "state": "passed",
              "speed": "slow",
              "pass": true,
              "fail": false,
              "pending": false,
              "context": null,
              "code": "cy.contains('Proceed To Checkout').click();\ncy.fillForm('Happy', 'Turku, Finland', 'Happy User', '4242424242424242', '06', '2024', '232');\ncy.get('[data-testid=\"purchase\"]').click();\ncy.get('#charge-error').should('contain', \"Your card's expiration year is invalid\");",
              "err": {},
              "uuid": "1e135047-cffd-4d16-ba39-6f0c34ef55a4",
              "parentUUID": "05e8b9ba-edbc-494b-857e-1ed0547e48a6",
              "isHook": false,
              "skipped": false
            },
            {
              "title": "Invalid card number",
              "fullTitle": "Checkout Test Invalid card number",
              "timedOut": null,
              "duration": 11909,
              "state": "passed",
              "speed": "slow",
              "pass": true,
              "fail": false,
              "pending": false,
              "context": null,
              "code": "cy.contains('Proceed To Checkout').click();\ncy.fillForm('Happy', 'Turku, Finland', 'Happy User', '4242424242424213', '06', '2028', '232');\ncy.get('[data-testid=\"purchase\"]').click();\ncy.get('#charge-error').should('contain', 'Your card number is incorrect');",
              "err": {},
              "uuid": "2ba569aa-32ef-4b29-9093-2a37a0c86195",
              "parentUUID": "05e8b9ba-edbc-494b-857e-1ed0547e48a6",
              "isHook": false,
              "skipped": false
            },
            {
              "title": "Expired card",
              "fullTitle": "Checkout Test Expired card",
              "timedOut": null,
              "duration": 13741,
              "state": "passed",
              "speed": "slow",
              "pass": true,
              "fail": false,
              "pending": false,
              "context": null,
              "code": "cy.contains('Proceed To Checkout').click();\ncy.fillForm('Happy', 'Turku, Finland', 'Happy User', '4242424242424242', '06', '2024', '232');\ncy.get('[data-testid=\"purchase\"]').click();\ncy.get('#charge-error').should('contain', \"Your card's expiration year is invalid\");",
              "err": {},
              "uuid": "698d7d00-9c5c-4a50-8302-054ec0874cb6",
              "parentUUID": "05e8b9ba-edbc-494b-857e-1ed0547e48a6",
              "isHook": false,
              "skipped": false
            },
            {
              "title": "Invalid card number",
              "fullTitle": "Checkout Test Invalid card number",
              "timedOut": null,
              "duration": 12684,
              "state": "passed",
              "speed": "slow",
              "pass": true,
              "fail": false,
              "pending": false,
              "context": null,
              "code": "cy.contains('Proceed To Checkout').click();\ncy.fillForm('Happy', 'Turku, Finland', 'Happy User', '4242424242424213', '06', '2028', '232');\ncy.get('[data-testid=\"purchase\"]').click();\ncy.get('#charge-error').should('contain', 'Your card number is incorrect');",
              "err": {},
              "uuid": "96e193e4-ed0a-4824-a175-50810092ccf7",
              "parentUUID": "05e8b9ba-edbc-494b-857e-1ed0547e48a6",
              "isHook": false,
              "skipped": false
            },
            {
              "title": "Expired card",
              "fullTitle": "Checkout Test Expired card",
              "timedOut": null,
              "duration": 13213,
              "state": "passed",
              "speed": "slow",
              "pass": true,
              "fail": false,
              "pending": false,
              "context": null,
              "code": "cy.contains('Proceed To Checkout').click();\ncy.fillForm('Happy', 'Turku, Finland', 'Happy User', '4242424242424242', '06', '2024', '232');\ncy.get('[data-testid=\"purchase\"]').click();\ncy.get('#charge-error').should('contain', \"Your card's expiration year is invalid\");",
              "err": {},
              "uuid": "27cac8ea-1034-4c04-881c-9a81df2f35ca",
              "parentUUID": "05e8b9ba-edbc-494b-857e-1ed0547e48a6",
              "isHook": false,
              "skipped": false
            },
            {
              "title": "Invalid card number",
              "fullTitle": "Checkout Test Invalid card number",
              "timedOut": null,
              "duration": 14182,
              "state": "passed",
              "speed": "slow",
              "pass": true,
              "fail": false,
              "pending": false,
              "context": null,
              "code": "cy.contains('Proceed To Checkout').click();\ncy.fillForm('Happy', 'Turku, Finland', 'Happy User', '4242424242424213', '06', '2028', '232');\ncy.get('[data-testid=\"purchase\"]').click();\ncy.get('#charge-error').should('contain', 'Your card number is incorrect');",
              "err": {},
              "uuid": "7c4dc254-8091-4473-8beb-e13820ce8417",
              "parentUUID": "05e8b9ba-edbc-494b-857e-1ed0547e48a6",
              "isHook": false,
              "skipped": false
            },
            {
              "title": "Expired card",
              "fullTitle": "Checkout Test Expired card",
              "timedOut": null,
              "duration": 14197,
              "state": "passed",
              "speed": "slow",
              "pass": true,
              "fail": false,
              "pending": false,
              "context": null,
              "code": "cy.contains('Proceed To Checkout').click();\ncy.fillForm('Happy', 'Turku, Finland', 'Happy User', '4242424242424242', '06', '2024', '232');\ncy.get('[data-testid=\"purchase\"]').click();\ncy.get('#charge-error').should('contain', \"Your card's expiration year is invalid\");",
              "err": {},
              "uuid": "2259764f-eec2-452d-94b4-befa75780b42",
              "parentUUID": "05e8b9ba-edbc-494b-857e-1ed0547e48a6",
              "isHook": false,
              "skipped": false
            },
            {
              "title": "Invalid card number",
              "fullTitle": "Checkout Test Invalid card number",
              "timedOut": null,
              "duration": 12756,
              "state": "passed",
              "speed": "slow",
              "pass": true,
              "fail": false,
              "pending": false,
              "context": null,
              "code": "cy.contains('Proceed To Checkout').click();\ncy.fillForm('Happy', 'Turku, Finland', 'Happy User', '4242424242424213', '06', '2028', '232');\ncy.get('[data-testid=\"purchase\"]').click();\ncy.get('#charge-error').should('contain', 'Your card number is incorrect');",
              "err": {},
              "uuid": "08768f67-db91-44a7-bf04-3a2fff3705a1",
              "parentUUID": "05e8b9ba-edbc-494b-857e-1ed0547e48a6",
              "isHook": false,
              "skipped": false
            },
            {
              "title": "Expired card",
              "fullTitle": "Checkout Test Expired card",
              "timedOut": null,
              "duration": 12247,
              "state": "passed",
              "speed": "slow",
              "pass": true,
              "fail": false,
              "pending": false,
              "context": null,
              "code": "cy.contains('Proceed To Checkout').click();\ncy.fillForm('Happy', 'Turku, Finland', 'Happy User', '4242424242424242', '06', '2024', '232');\ncy.get('[data-testid=\"purchase\"]').click();\ncy.get('#charge-error').should('contain', \"Your card's expiration year is invalid\");",
              "err": {},
              "uuid": "d4dd0415-0cdc-4036-b950-edd410ef6abc",
              "parentUUID": "05e8b9ba-edbc-494b-857e-1ed0547e48a6",
              "isHook": false,
              "skipped": false
            },
            {
              "title": "Invalid card number",
              "fullTitle": "Checkout Test Invalid card number",
              "timedOut": null,
              "duration": 13693,
              "state": "passed",
              "speed": "slow",
              "pass": true,
              "fail": false,
              "pending": false,
              "context": null,
              "code": "cy.contains('Proceed To Checkout').click();\ncy.fillForm('Happy', 'Turku, Finland', 'Happy User', '4242424242424213', '06', '2028', '232');\ncy.get('[data-testid=\"purchase\"]').click();\ncy.get('#charge-error').should('contain', 'Your card number is incorrect');",
              "err": {},
              "uuid": "7d6cc2e3-a6c3-4213-a2e9-663991b30879",
              "parentUUID": "05e8b9ba-edbc-494b-857e-1ed0547e48a6",
              "isHook": false,
              "skipped": false
            },
            {
              "title": "Expired card",
              "fullTitle": "Checkout Test Expired card",
              "timedOut": null,
              "duration": 13595,
              "state": "passed",
              "speed": "slow",
              "pass": true,
              "fail": false,
              "pending": false,
              "context": null,
              "code": "cy.contains('Proceed To Checkout').click();\ncy.fillForm('Happy', 'Turku, Finland', 'Happy User', '4242424242424242', '06', '2024', '232');\ncy.get('[data-testid=\"purchase\"]').click();\ncy.get('#charge-error').should('contain', \"Your card's expiration year is invalid\");",
              "err": {},
              "uuid": "32827915-b429-4f21-abbd-0dd88b8698f9",
              "parentUUID": "05e8b9ba-edbc-494b-857e-1ed0547e48a6",
              "isHook": false,
              "skipped": false
            },
            {
              "title": "Invalid card number",
              "fullTitle": "Checkout Test Invalid card number",
              "timedOut": null,
              "duration": 14023,
              "state": "passed",
              "speed": "slow",
              "pass": true,
              "fail": false,
              "pending": false,
              "context": null,
              "code": "cy.contains('Proceed To Checkout').click();\ncy.fillForm('Happy', 'Turku, Finland', 'Happy User', '4242424242424213', '06', '2028', '232');\ncy.get('[data-testid=\"purchase\"]').click();\ncy.get('#charge-error').should('contain', 'Your card number is incorrect');",
              "err": {},
              "uuid": "d2cd2243-1f56-4fc8-82c4-0eb14c3bb587",
              "parentUUID": "05e8b9ba-edbc-494b-857e-1ed0547e48a6",
              "isHook": false,
              "skipped": false
            },
            {
              "title": "Expired card",
              "fullTitle": "Checkout Test Expired card",
              "timedOut": null,
              "duration": 13132,
              "state": "passed",
              "speed": "slow",
              "pass": true,
              "fail": false,
              "pending": false,
              "context": null,
              "code": "cy.contains('Proceed To Checkout').click();\ncy.fillForm('Happy', 'Turku, Finland', 'Happy User', '4242424242424242', '06', '2024', '232');\ncy.get('[data-testid=\"purchase\"]').click();\ncy.get('#charge-error').should('contain', \"Your card's expiration year is invalid\");",
              "err": {},
              "uuid": "ad8df15b-5c12-4cd0-8b53-de0db0f72284",
              "parentUUID": "05e8b9ba-edbc-494b-857e-1ed0547e48a6",
              "isHook": false,
              "skipped": false
            },
            {
              "title": "Invalid card number",
              "fullTitle": "Checkout Test Invalid card number",
              "timedOut": null,
              "duration": 12509,
              "state": "passed",
              "speed": "slow",
              "pass": true,
              "fail": false,
              "pending": false,
              "context": null,
              "code": "cy.contains('Proceed To Checkout').click();\ncy.fillForm('Happy', 'Turku, Finland', 'Happy User', '4242424242424213', '06', '2028', '232');\ncy.get('[data-testid=\"purchase\"]').click();\ncy.get('#charge-error').should('contain', 'Your card number is incorrect');",
              "err": {},
              "uuid": "185638dd-45de-41c3-b117-74c45869ad0a",
              "parentUUID": "05e8b9ba-edbc-494b-857e-1ed0547e48a6",
              "isHook": false,
              "skipped": false
            },
            {
              "title": "Expired card",
              "fullTitle": "Checkout Test Expired card",
              "timedOut": null,
              "duration": 13930,
              "state": "passed",
              "speed": "slow",
              "pass": true,
              "fail": false,
              "pending": false,
              "context": null,
              "code": "cy.contains('Proceed To Checkout').click();\ncy.fillForm('Happy', 'Turku, Finland', 'Happy User', '4242424242424242', '06', '2024', '232');\ncy.get('[data-testid=\"purchase\"]').click();\ncy.get('#charge-error').should('contain', \"Your card's expiration year is invalid\");",
              "err": {},
              "uuid": "76a0298f-e4be-47b3-8ca5-622e255badaf",
              "parentUUID": "05e8b9ba-edbc-494b-857e-1ed0547e48a6",
              "isHook": false,
              "skipped": false
            },
            {
              "title": "Invalid card number",
              "fullTitle": "Checkout Test Invalid card number",
              "timedOut": null,
              "duration": 13261,
              "state": "passed",
              "speed": "slow",
              "pass": true,
              "fail": false,
              "pending": false,
              "context": null,
              "code": "cy.contains('Proceed To Checkout').click();\ncy.fillForm('Happy', 'Turku, Finland', 'Happy User', '4242424242424213', '06', '2028', '232');\ncy.get('[data-testid=\"purchase\"]').click();\ncy.get('#charge-error').should('contain', 'Your card number is incorrect');",
              "err": {},
              "uuid": "165d5969-8fe0-4dff-aa0d-432a816a3790",
              "parentUUID": "05e8b9ba-edbc-494b-857e-1ed0547e48a6",
              "isHook": false,
              "skipped": false
            },
            {
              "title": "Expired card",
              "fullTitle": "Checkout Test Expired card",
              "timedOut": null,
              "duration": 13223,
              "state": "passed",
              "speed": "slow",
              "pass": true,
              "fail": false,
              "pending": false,
              "context": null,
              "code": "cy.contains('Proceed To Checkout').click();\ncy.fillForm('Happy', 'Turku, Finland', 'Happy User', '4242424242424242', '06', '2024', '232');\ncy.get('[data-testid=\"purchase\"]').click();\ncy.get('#charge-error').should('contain', \"Your card's expiration year is invalid\");",
              "err": {},
              "uuid": "d669c17d-71c5-46df-83f9-5399a8a80cea",
              "parentUUID": "05e8b9ba-edbc-494b-857e-1ed0547e48a6",
              "isHook": false,
              "skipped": false
            },
            {
              "title": "Invalid card number",
              "fullTitle": "Checkout Test Invalid card number",
              "timedOut": null,
              "duration": 15605,
              "state": "passed",
              "speed": "slow",
              "pass": true,
              "fail": false,
              "pending": false,
              "context": null,
              "code": "cy.contains('Proceed To Checkout').click();\ncy.fillForm('Happy', 'Turku, Finland', 'Happy User', '4242424242424213', '06', '2028', '232');\ncy.get('[data-testid=\"purchase\"]').click();\ncy.get('#charge-error').should('contain', 'Your card number is incorrect');",
              "err": {},
              "uuid": "1b989f6d-9a54-434b-8fa6-a997fb3c3c0f",
              "parentUUID": "05e8b9ba-edbc-494b-857e-1ed0547e48a6",
              "isHook": false,
              "skipped": false
            },
            {
              "title": "Expired card",
              "fullTitle": "Checkout Test Expired card",
              "timedOut": null,
              "duration": 13196,
              "state": "passed",
              "speed": "slow",
              "pass": true,
              "fail": false,
              "pending": false,
              "context": null,
              "code": "cy.contains('Proceed To Checkout').click();\ncy.fillForm('Happy', 'Turku, Finland', 'Happy User', '4242424242424242', '06', '2024', '232');\ncy.get('[data-testid=\"purchase\"]').click();\ncy.get('#charge-error').should('contain', \"Your card's expiration year is invalid\");",
              "err": {},
              "uuid": "66cd9f29-c92a-4fd0-b161-6dcec8a95749",
              "parentUUID": "05e8b9ba-edbc-494b-857e-1ed0547e48a6",
              "isHook": false,
              "skipped": false
            },
            {
              "title": "Invalid card number",
              "fullTitle": "Checkout Test Invalid card number",
              "timedOut": null,
              "duration": 13633,
              "state": "passed",
              "speed": "slow",
              "pass": true,
              "fail": false,
              "pending": false,
              "context": null,
              "code": "cy.contains('Proceed To Checkout').click();\ncy.fillForm('Happy', 'Turku, Finland', 'Happy User', '4242424242424213', '06', '2028', '232');\ncy.get('[data-testid=\"purchase\"]').click();\ncy.get('#charge-error').should('contain', 'Your card number is incorrect');",
              "err": {},
              "uuid": "8b655bc9-90c3-4c13-8874-00d31f0536ed",
              "parentUUID": "05e8b9ba-edbc-494b-857e-1ed0547e48a6",
              "isHook": false,
              "skipped": false
            },
            {
              "title": "Expired card",
              "fullTitle": "Checkout Test Expired card",
              "timedOut": null,
              "duration": 14748,
              "state": "passed",
              "speed": "slow",
              "pass": true,
              "fail": false,
              "pending": false,
              "context": null,
              "code": "cy.contains('Proceed To Checkout').click();\ncy.fillForm('Happy', 'Turku, Finland', 'Happy User', '4242424242424242', '06', '2024', '232');\ncy.get('[data-testid=\"purchase\"]').click();\ncy.get('#charge-error').should('contain', \"Your card's expiration year is invalid\");",
              "err": {},
              "uuid": "bc817930-ac48-4613-8699-e1ea38591dbf",
              "parentUUID": "05e8b9ba-edbc-494b-857e-1ed0547e48a6",
              "isHook": false,
              "skipped": false
            },
            {
              "title": "Invalid card number",
              "fullTitle": "Checkout Test Invalid card number",
              "timedOut": null,
              "duration": 13874,
              "state": "passed",
              "speed": "slow",
              "pass": true,
              "fail": false,
              "pending": false,
              "context": null,
              "code": "cy.contains('Proceed To Checkout').click();\ncy.fillForm('Happy', 'Turku, Finland', 'Happy User', '4242424242424213', '06', '2028', '232');\ncy.get('[data-testid=\"purchase\"]').click();\ncy.get('#charge-error').should('contain', 'Your card number is incorrect');",
              "err": {},
              "uuid": "a3b705ec-1920-496e-98b6-4ee0a2832226",
              "parentUUID": "05e8b9ba-edbc-494b-857e-1ed0547e48a6",
              "isHook": false,
              "skipped": false
            },
            {
              "title": "Expired card",
              "fullTitle": "Checkout Test Expired card",
              "timedOut": null,
              "duration": 12786,
              "state": "passed",
              "speed": "slow",
              "pass": true,
              "fail": false,
              "pending": false,
              "context": null,
              "code": "cy.contains('Proceed To Checkout').click();\ncy.fillForm('Happy', 'Turku, Finland', 'Happy User', '4242424242424242', '06', '2024', '232');\ncy.get('[data-testid=\"purchase\"]').click();\ncy.get('#charge-error').should('contain', \"Your card's expiration year is invalid\");",
              "err": {},
              "uuid": "f6897f42-3ce7-4004-9dd0-beddd43ff9e2",
              "parentUUID": "05e8b9ba-edbc-494b-857e-1ed0547e48a6",
              "isHook": false,
              "skipped": false
            },
            {
              "title": "Invalid card number",
              "fullTitle": "Checkout Test Invalid card number",
              "timedOut": null,
              "duration": 13435,
              "state": "passed",
              "speed": "slow",
              "pass": true,
              "fail": false,
              "pending": false,
              "context": null,
              "code": "cy.contains('Proceed To Checkout').click();\ncy.fillForm('Happy', 'Turku, Finland', 'Happy User', '4242424242424213', '06', '2028', '232');\ncy.get('[data-testid=\"purchase\"]').click();\ncy.get('#charge-error').should('contain', 'Your card number is incorrect');",
              "err": {},
              "uuid": "40c161b8-c49d-46bc-91a8-8dc30731b48f",
              "parentUUID": "05e8b9ba-edbc-494b-857e-1ed0547e48a6",
              "isHook": false,
              "skipped": false
            },
            {
              "title": "Expired card",
              "fullTitle": "Checkout Test Expired card",
              "timedOut": null,
              "duration": 13502,
              "state": "passed",
              "speed": "slow",
              "pass": true,
              "fail": false,
              "pending": false,
              "context": null,
              "code": "cy.contains('Proceed To Checkout').click();\ncy.fillForm('Happy', 'Turku, Finland', 'Happy User', '4242424242424242', '06', '2024', '232');\ncy.get('[data-testid=\"purchase\"]').click();\ncy.get('#charge-error').should('contain', \"Your card's expiration year is invalid\");",
              "err": {},
              "uuid": "029ff683-89a8-4f89-a06a-4f3123e6fdb0",
              "parentUUID": "05e8b9ba-edbc-494b-857e-1ed0547e48a6",
              "isHook": false,
              "skipped": false
            },
            {
              "title": "Invalid card number",
              "fullTitle": "Checkout Test Invalid card number",
              "timedOut": null,
              "duration": 13251,
              "state": "passed",
              "speed": "slow",
              "pass": true,
              "fail": false,
              "pending": false,
              "context": null,
              "code": "cy.contains('Proceed To Checkout').click();\ncy.fillForm('Happy', 'Turku, Finland', 'Happy User', '4242424242424213', '06', '2028', '232');\ncy.get('[data-testid=\"purchase\"]').click();\ncy.get('#charge-error').should('contain', 'Your card number is incorrect');",
              "err": {},
              "uuid": "856669e1-f9ba-4af0-a80f-641595471a59",
              "parentUUID": "05e8b9ba-edbc-494b-857e-1ed0547e48a6",
              "isHook": false,
              "skipped": false
            },
            {
              "title": "Expired card",
              "fullTitle": "Checkout Test Expired card",
              "timedOut": null,
              "duration": 13546,
              "state": "passed",
              "speed": "slow",
              "pass": true,
              "fail": false,
              "pending": false,
              "context": null,
              "code": "cy.contains('Proceed To Checkout').click();\ncy.fillForm('Happy', 'Turku, Finland', 'Happy User', '4242424242424242', '06', '2024', '232');\ncy.get('[data-testid=\"purchase\"]').click();\ncy.get('#charge-error').should('contain', \"Your card's expiration year is invalid\");",
              "err": {},
              "uuid": "efdea23f-139e-4e06-8421-4b702cb856fb",
              "parentUUID": "05e8b9ba-edbc-494b-857e-1ed0547e48a6",
              "isHook": false,
              "skipped": false
            },
            {
              "title": "Invalid card number",
              "fullTitle": "Checkout Test Invalid card number",
              "timedOut": null,
              "duration": 14928,
              "state": "passed",
              "speed": "slow",
              "pass": true,
              "fail": false,
              "pending": false,
              "context": null,
              "code": "cy.contains('Proceed To Checkout').click();\ncy.fillForm('Happy', 'Turku, Finland', 'Happy User', '4242424242424213', '06', '2028', '232');\ncy.get('[data-testid=\"purchase\"]').click();\ncy.get('#charge-error').should('contain', 'Your card number is incorrect');",
              "err": {},
              "uuid": "876faf2b-0e12-40bf-a5eb-b203f1860f79",
              "parentUUID": "05e8b9ba-edbc-494b-857e-1ed0547e48a6",
              "isHook": false,
              "skipped": false
            },
            {
              "title": "Expired card",
              "fullTitle": "Checkout Test Expired card",
              "timedOut": null,
              "duration": 14385,
              "state": "passed",
              "speed": "slow",
              "pass": true,
              "fail": false,
              "pending": false,
              "context": null,
              "code": "cy.contains('Proceed To Checkout').click();\ncy.fillForm('Happy', 'Turku, Finland', 'Happy User', '4242424242424242', '06', '2024', '232');\ncy.get('[data-testid=\"purchase\"]').click();\ncy.get('#charge-error').should('contain', \"Your card's expiration year is invalid\");",
              "err": {},
              "uuid": "da0211ae-5a54-4d22-88b0-44d5b6926eb5",
              "parentUUID": "05e8b9ba-edbc-494b-857e-1ed0547e48a6",
              "isHook": false,
              "skipped": false
            },
            {
              "title": "Invalid card number",
              "fullTitle": "Checkout Test Invalid card number",
              "timedOut": null,
              "duration": 14514,
              "state": "passed",
              "speed": "slow",
              "pass": true,
              "fail": false,
              "pending": false,
              "context": null,
              "code": "cy.contains('Proceed To Checkout').click();\ncy.fillForm('Happy', 'Turku, Finland', 'Happy User', '4242424242424213', '06', '2028', '232');\ncy.get('[data-testid=\"purchase\"]').click();\ncy.get('#charge-error').should('contain', 'Your card number is incorrect');",
              "err": {},
              "uuid": "e131f352-80d3-4ae3-a378-69358843e1df",
              "parentUUID": "05e8b9ba-edbc-494b-857e-1ed0547e48a6",
              "isHook": false,
              "skipped": false
            },
            {
              "title": "Expired card",
              "fullTitle": "Checkout Test Expired card",
              "timedOut": null,
              "duration": 13578,
              "state": "passed",
              "speed": "slow",
              "pass": true,
              "fail": false,
              "pending": false,
              "context": null,
              "code": "cy.contains('Proceed To Checkout').click();\ncy.fillForm('Happy', 'Turku, Finland', 'Happy User', '4242424242424242', '06', '2024', '232');\ncy.get('[data-testid=\"purchase\"]').click();\ncy.get('#charge-error').should('contain', \"Your card's expiration year is invalid\");",
              "err": {},
              "uuid": "bb664f1f-bb37-47b1-9627-edf1db14bfbd",
              "parentUUID": "05e8b9ba-edbc-494b-857e-1ed0547e48a6",
              "isHook": false,
              "skipped": false
            },
            {
              "title": "Invalid card number",
              "fullTitle": "Checkout Test Invalid card number",
              "timedOut": null,
              "duration": 14614,
              "state": "passed",
              "speed": "slow",
              "pass": true,
              "fail": false,
              "pending": false,
              "context": null,
              "code": "cy.contains('Proceed To Checkout').click();\ncy.fillForm('Happy', 'Turku, Finland', 'Happy User', '4242424242424213', '06', '2028', '232');\ncy.get('[data-testid=\"purchase\"]').click();\ncy.get('#charge-error').should('contain', 'Your card number is incorrect');",
              "err": {},
              "uuid": "f68c5c0a-3fa9-4d2f-8c94-c4a999c072cb",
              "parentUUID": "05e8b9ba-edbc-494b-857e-1ed0547e48a6",
              "isHook": false,
              "skipped": false
            },
            {
              "title": "Expired card",
              "fullTitle": "Checkout Test Expired card",
              "timedOut": null,
              "duration": 14005,
              "state": "passed",
              "speed": "slow",
              "pass": true,
              "fail": false,
              "pending": false,
              "context": null,
              "code": "cy.contains('Proceed To Checkout').click();\ncy.fillForm('Happy', 'Turku, Finland', 'Happy User', '4242424242424242', '06', '2024', '232');\ncy.get('[data-testid=\"purchase\"]').click();\ncy.get('#charge-error').should('contain', \"Your card's expiration year is invalid\");",
              "err": {},
              "uuid": "0fa2e273-a19c-4c52-bf7e-3ac6c58fa1cf",
              "parentUUID": "05e8b9ba-edbc-494b-857e-1ed0547e48a6",
              "isHook": false,
              "skipped": false
            },
            {
              "title": "Invalid card number",
              "fullTitle": "Checkout Test Invalid card number",
              "timedOut": null,
              "duration": 13888,
              "state": "passed",
              "speed": "slow",
              "pass": true,
              "fail": false,
              "pending": false,
              "context": null,
              "code": "cy.contains('Proceed To Checkout').click();\ncy.fillForm('Happy', 'Turku, Finland', 'Happy User', '4242424242424213', '06', '2028', '232');\ncy.get('[data-testid=\"purchase\"]').click();\ncy.get('#charge-error').should('contain', 'Your card number is incorrect');",
              "err": {},
              "uuid": "ebdcdaf8-cbf6-4fb3-9125-b5703aa047e5",
              "parentUUID": "05e8b9ba-edbc-494b-857e-1ed0547e48a6",
              "isHook": false,
              "skipped": false
            },
            {
              "title": "Expired card",
              "fullTitle": "Checkout Test Expired card",
              "timedOut": null,
              "duration": 14678,
              "state": "passed",
              "speed": "slow",
              "pass": true,
              "fail": false,
              "pending": false,
              "context": null,
              "code": "cy.contains('Proceed To Checkout').click();\ncy.fillForm('Happy', 'Turku, Finland', 'Happy User', '4242424242424242', '06', '2024', '232');\ncy.get('[data-testid=\"purchase\"]').click();\ncy.get('#charge-error').should('contain', \"Your card's expiration year is invalid\");",
              "err": {},
              "uuid": "82a22c06-d7b5-4f1a-b0a5-00b9a19a1a3a",
              "parentUUID": "05e8b9ba-edbc-494b-857e-1ed0547e48a6",
              "isHook": false,
              "skipped": false
            },
            {
              "title": "Invalid card number",
              "fullTitle": "Checkout Test Invalid card number",
              "timedOut": null,
              "duration": 12639,
              "state": "passed",
              "speed": "slow",
              "pass": true,
              "fail": false,
              "pending": false,
              "context": null,
              "code": "cy.contains('Proceed To Checkout').click();\ncy.fillForm('Happy', 'Turku, Finland', 'Happy User', '4242424242424213', '06', '2028', '232');\ncy.get('[data-testid=\"purchase\"]').click();\ncy.get('#charge-error').should('contain', 'Your card number is incorrect');",
              "err": {},
              "uuid": "27f36a8b-459e-48b8-ac76-0da0e75be3df",
              "parentUUID": "05e8b9ba-edbc-494b-857e-1ed0547e48a6",
              "isHook": false,
              "skipped": false
            },
            {
              "title": "Expired card",
              "fullTitle": "Checkout Test Expired card",
              "timedOut": null,
              "duration": 14153,
              "state": "passed",
              "speed": "slow",
              "pass": true,
              "fail": false,
              "pending": false,
              "context": null,
              "code": "cy.contains('Proceed To Checkout').click();\ncy.fillForm('Happy', 'Turku, Finland', 'Happy User', '4242424242424242', '06', '2024', '232');\ncy.get('[data-testid=\"purchase\"]').click();\ncy.get('#charge-error').should('contain', \"Your card's expiration year is invalid\");",
              "err": {},
              "uuid": "49ac0e02-74a2-4b0b-ba92-adf386299e1e",
              "parentUUID": "05e8b9ba-edbc-494b-857e-1ed0547e48a6",
              "isHook": false,
              "skipped": false
            },
            {
              "title": "Invalid card number",
              "fullTitle": "Checkout Test Invalid card number",
              "timedOut": null,
              "duration": 12710,
              "state": "passed",
              "speed": "slow",
              "pass": true,
              "fail": false,
              "pending": false,
              "context": null,
              "code": "cy.contains('Proceed To Checkout').click();\ncy.fillForm('Happy', 'Turku, Finland', 'Happy User', '4242424242424213', '06', '2028', '232');\ncy.get('[data-testid=\"purchase\"]').click();\ncy.get('#charge-error').should('contain', 'Your card number is incorrect');",
              "err": {},
              "uuid": "4d7946e9-8ce8-497e-9937-17bb357ae039",
              "parentUUID": "05e8b9ba-edbc-494b-857e-1ed0547e48a6",
              "isHook": false,
              "skipped": false
            },
            {
              "title": "Expired card",
              "fullTitle": "Checkout Test Expired card",
              "timedOut": null,
              "duration": 13527,
              "state": "passed",
              "speed": "slow",
              "pass": true,
              "fail": false,
              "pending": false,
              "context": null,
              "code": "cy.contains('Proceed To Checkout').click();\ncy.fillForm('Happy', 'Turku, Finland', 'Happy User', '4242424242424242', '06', '2024', '232');\ncy.get('[data-testid=\"purchase\"]').click();\ncy.get('#charge-error').should('contain', \"Your card's expiration year is invalid\");",
              "err": {},
              "uuid": "b3d4e6e9-9260-48d1-b3fc-43ba7e5e7663",
              "parentUUID": "05e8b9ba-edbc-494b-857e-1ed0547e48a6",
              "isHook": false,
              "skipped": false
            },
            {
              "title": "Invalid card number",
              "fullTitle": "Checkout Test Invalid card number",
              "timedOut": null,
              "duration": 14278,
              "state": "passed",
              "speed": "slow",
              "pass": true,
              "fail": false,
              "pending": false,
              "context": null,
              "code": "cy.contains('Proceed To Checkout').click();\ncy.fillForm('Happy', 'Turku, Finland', 'Happy User', '4242424242424213', '06', '2028', '232');\ncy.get('[data-testid=\"purchase\"]').click();\ncy.get('#charge-error').should('contain', 'Your card number is incorrect');",
              "err": {},
              "uuid": "d92bccd2-ddaa-4ef1-9812-b9f163e9c756",
              "parentUUID": "05e8b9ba-edbc-494b-857e-1ed0547e48a6",
              "isHook": false,
              "skipped": false
            }
          ],
          "suites": [],
          "passes": [
            "2f7cacff-18bd-4091-aee3-fc07ca3baeb2",
            "31ff2ee5-11e6-4282-a929-d7a06f4929bb",
            "d0f9e24c-8ab3-44b0-94d9-d7114b8865b3",
            "62e493aa-13e5-493d-97db-7c742b2ed185",
            "00f58af3-5bd0-4c27-adbf-5917f2a8edf9",
            "e6aa3f8e-2b22-4d43-b644-955af2cd3eac",
            "b5b3d128-9f54-42bc-ba35-fbb85ad6bc54",
            "b6676995-49b4-4280-8628-beee292ec3c6",
            "57461452-6706-4d4b-899b-13aa2785da18",
            "47e1bb64-29fd-4877-97cd-b04cdea9276a",
            "1e135047-cffd-4d16-ba39-6f0c34ef55a4",
            "2ba569aa-32ef-4b29-9093-2a37a0c86195",
            "698d7d00-9c5c-4a50-8302-054ec0874cb6",
            "96e193e4-ed0a-4824-a175-50810092ccf7",
            "27cac8ea-1034-4c04-881c-9a81df2f35ca",
            "7c4dc254-8091-4473-8beb-e13820ce8417",
            "2259764f-eec2-452d-94b4-befa75780b42",
            "08768f67-db91-44a7-bf04-3a2fff3705a1",
            "d4dd0415-0cdc-4036-b950-edd410ef6abc",
            "7d6cc2e3-a6c3-4213-a2e9-663991b30879",
            "32827915-b429-4f21-abbd-0dd88b8698f9",
            "d2cd2243-1f56-4fc8-82c4-0eb14c3bb587",
            "ad8df15b-5c12-4cd0-8b53-de0db0f72284",
            "185638dd-45de-41c3-b117-74c45869ad0a",
            "76a0298f-e4be-47b3-8ca5-622e255badaf",
            "165d5969-8fe0-4dff-aa0d-432a816a3790",
            "d669c17d-71c5-46df-83f9-5399a8a80cea",
            "1b989f6d-9a54-434b-8fa6-a997fb3c3c0f",
            "66cd9f29-c92a-4fd0-b161-6dcec8a95749",
            "8b655bc9-90c3-4c13-8874-00d31f0536ed",
            "bc817930-ac48-4613-8699-e1ea38591dbf",
            "a3b705ec-1920-496e-98b6-4ee0a2832226",
            "f6897f42-3ce7-4004-9dd0-beddd43ff9e2",
            "40c161b8-c49d-46bc-91a8-8dc30731b48f",
            "029ff683-89a8-4f89-a06a-4f3123e6fdb0",
            "856669e1-f9ba-4af0-a80f-641595471a59",
            "efdea23f-139e-4e06-8421-4b702cb856fb",
            "876faf2b-0e12-40bf-a5eb-b203f1860f79",
            "da0211ae-5a54-4d22-88b0-44d5b6926eb5",
            "e131f352-80d3-4ae3-a378-69358843e1df",
            "bb664f1f-bb37-47b1-9627-edf1db14bfbd",
            "f68c5c0a-3fa9-4d2f-8c94-c4a999c072cb",
            "0fa2e273-a19c-4c52-bf7e-3ac6c58fa1cf",
            "ebdcdaf8-cbf6-4fb3-9125-b5703aa047e5",
            "82a22c06-d7b5-4f1a-b0a5-00b9a19a1a3a",
            "27f36a8b-459e-48b8-ac76-0da0e75be3df",
            "49ac0e02-74a2-4b0b-ba92-adf386299e1e",
            "4d7946e9-8ce8-497e-9937-17bb357ae039",
            "b3d4e6e9-9260-48d1-b3fc-43ba7e5e7663",
            "d92bccd2-ddaa-4ef1-9812-b9f163e9c756"
          ],
          "failures": [],
          "pending": [],
          "skipped": [],
          "duration": 678145,
          "root": false,
          "rootEmpty": false,
          "_timeout": 2000
        }
      ],
      "passes": [],
      "failures": [],
      "pending": [],
      "skipped": [],
      "duration": 0,
      "root": true,
      "rootEmpty": true,
      "_timeout": 2000
    }
  ],
  "meta": {
    "mocha": {
      "version": "7.2.0"
    },
    "mochawesome": {
      "options": {
        "quiet": false,
        "reportFilename": "mochawesome",
        "saveHtml": false,
        "saveJson": true,
        "consoleReporter": "spec",
        "useInlineDiffs": false,
        "code": true
      },
      "version": "7.1.4"
    },
    "marge": {
      "options": {
        "reportDir": "report/json",
        "overwrite": false,
        "html": false,
        "json": true
      },
      "version": "6.3.2"
    }
  }
}