{
  "stats": {
    "suites": 5,
    "tests": 506,
    "passes": 501,
    "pending": 0,
    "failures": 5,
    "start": "2026-03-27T10:21:48.188Z",
    "end": "2026-03-27T11:28:53.852Z",
    "duration": 4025664,
    "testsRegistered": 0,
    "passPercent": null,
    "pendingPercent": null,
    "other": 1,
    "hasOther": true,
    "skipped": 0,
    "hasSkipped": false
  },
  "results": [
    false
  ],
  "meta": {
    "mocha": {
      "version": "11.7.5"
    },
    "mochawesome": {
      "options": {
        "quiet": false,
        "reportFilename": "mochawesome",
        "saveHtml": true,
        "saveJson": true,
        "consoleReporter": "spec",
        "useInlineDiffs": false,
        "code": true
      },
      "version": "7.1.4"
    },
    "marge": {
      "options": null,
      "version": "6.3.2"
    }
  }
}